[2023-06-28 17:07:44.410327] 0-th configuration: '{'rgb_terminals': [27, 229, 136], 'background_rgb': [0.7054603951575381, 0.4176791888840643, 0.4019625106358564], 'plane': 'wood', 'monochromatic_rgb': [0.05325339628330206, 0.7041064986887404, 0.31123580577035304], 'wood_pigment': 'Cherry_Wood', 'spherical': False}'
[2023-06-28 17:13:28.402303] 0-th image dataset generation completed
[2023-06-28 17:13:28.403471] 1-th configuration: '{'rgb_terminals': [171, 7, 94], 'background_rgb': [0.7110544295289458, 0.3111924711206482, 0.26981367528008493], 'plane': 'monochromatic', 'monochromatic_rgb': [0.0774570371863923, 0.4181718682036928, 0.9274386509914204], 'wood_pigment': 'White_Wood', 'spherical': False}'
[2023-06-28 17:18:01.106352] 1-th image dataset generation completed
[2023-06-28 17:18:01.107341] 2-th configuration: '{'rgb_terminals': [41, 100, 150], 'background_rgb': [0.5029867841864705, 0.30542585679224943, 0.7877885875121473], 'plane': 'checker', 'monochromatic_rgb': [0.3130888080488313, 0.354273190449821, 0.09607847721328555], 'wood_pigment': 'Cherry_Wood', 'spherical': False}'
[2023-06-28 17:23:37.132606] 2-th image dataset generation completed
[2023-06-28 17:23:37.133607] 3-th configuration: '{'rgb_terminals': [50, 227, 136], 'background_rgb': [0.942074708189893, 0.04618148479717332, 0.34696260572313764], 'plane': 'wood', 'monochromatic_rgb': [0.8572380589196649, 0.3325106796525027, 0.6507059288348411], 'wood_pigment': 'White_Wood', 'spherical': False}'
[2023-06-28 17:31:31.112638] 3-th image dataset generation completed
[2023-06-28 17:31:31.113640] 4-th configuration: '{'rgb_terminals': [221, 168, 163], 'background_rgb': [0.7481770742425857, 0.6249632398087005, 0.6421094527505719], 'plane': 'wood', 'monochromatic_rgb': [0.5577761451559453, 0.0823914498630689, 0.5005757612842591], 'wood_pigment': 'White_Wood', 'spherical': False}'
[2023-06-28 17:39:31.422028] 4-th image dataset generation completed
[2023-06-28 17:39:31.422028] 5-th configuration: '{'rgb_terminals': [195, 131, 145], 'background_rgb': [0.5184063725293176, 0.20445209426404076, 0.3324601263246253], 'plane': 'checker', 'monochromatic_rgb': [0.7693669940507751, 0.8752033113042206, 0.6135829516783987], 'wood_pigment': 'Cherry_Wood', 'spherical': False}'
[2023-06-28 17:46:56.350036] 5-th image dataset generation completed
[2023-06-28 17:46:56.351036] 6-th configuration: '{'rgb_terminals': [133, 102, 254], 'background_rgb': [0.38588826334007886, 0.05389063317589249, 0.684593729563163], 'plane': 'wood', 'monochromatic_rgb': [0.29390728503522, 0.7009143938232784, 0.8822805821644705], 'wood_pigment': 'White_Wood', 'spherical': False}'
[2023-06-28 17:56:18.493819] 6-th image dataset generation completed
[2023-06-28 17:56:18.493819] 7-th configuration: '{'rgb_terminals': [199, 153, 223], 'background_rgb': [0.09903656258707716, 0.30355099193764923, 0.17989173966320626], 'plane': 'wood', 'monochromatic_rgb': [0.6595408829667873, 0.9447079809851247, 0.2705959054977102], 'wood_pigment': 'Cherry_Wood', 'spherical': False}'
[2023-06-28 18:05:05.301077] 7-th image dataset generation completed
[2023-06-28 18:05:05.301077] 8-th configuration: '{'rgb_terminals': [165, 137, 103], 'background_rgb': [0.2578548092315488, 0.8717960632849343, 0.6126323985097615], 'plane': 'checker', 'monochromatic_rgb': [0.9263326875081577, 0.47321278601987904, 0.5729108811559221], 'wood_pigment': 'Cherry_Wood', 'spherical': False}'
[2023-06-28 18:12:45.955074] 8-th image dataset generation completed
[2023-06-28 18:12:45.955074] 9-th configuration: '{'rgb_terminals': [146, 177, 42], 'background_rgb': [0.11141509198032673, 0.705032786320699, 0.7054234125617455], 'plane': 'wood', 'monochromatic_rgb': [0.49329619882583076, 0.752235059528346, 0.32021118628747003], 'wood_pigment': 'White_Wood', 'spherical': False}'
[2023-06-28 18:21:23.628003] 9-th image dataset generation completed
